<?xml version="1.0" encoding="UTF-8"?>
<beans xmlns="http://www.springframework.org/schema/beans"
       xmlns:xsi="http://www.w3.org/2001/XMLSchema-instance"
       xmlns:util="http://www.springframework.org/schema/util"
       xmlns:context="http://www.springframework.org/schema/context"
       xsi:schemaLocation="http://www.springframework.org/schema/beans
        http://www.springframework.org/schema/beans/spring-beans.xsd
        http://www.springframework.org/schema/context
        http://www.springframework.org/schema/context/spring-context.xsd
        http://www.springframework.org/schema/util
        http://www.springframework.org/schema/util/spring-util.xsd">

    <context:annotation-config/>
    <context:component-scan base-package="org.smartsoftware"/>

    <bean class="org.springframework.beans.factory.config.PropertyPlaceholderConfigurer">
        <property name="locations">
            <list>
                <value>classpath:configuration.properties</value>
            </list>
        </property>
    </bean>

    <bean id="shard1" class="org.smartsoftware.smartmap.request.manager.Shard">
        <constructor-arg index="0" value="${shard1.path}"/>
        <constructor-arg index="1">
            <bean class="org.smartsoftware.smartmap.request.manager.filesystem.FileSystemShard">
                <constructor-arg index="0" value="${shard1.path}"/>
            </bean>
        </constructor-arg>
    </bean>


    <bean id="hashBasedRequestManager" class="org.smartsoftware.smartmap.request.manager.HashBasedRequestManager">
        <constructor-arg index="0">
            <util:list>
                <ref bean="shard1"/>
            </util:list>
        </constructor-arg>
    </bean>

</beans>